0 info it worked if it ends with ok
1 verbose cli [ 'node',
1 verbose cli   '/usr/local/bin/npm',
1 verbose cli   'install',
1 verbose cli   'yourMissingDependency' ]
2 info using npm@1.4.28
3 info using node@v0.10.33
4 warn package.json node-chat@0.0.1 No description
5 warn package.json node-chat@0.0.1 No repository field.
6 warn package.json node-chat@0.0.1 No README data
7 warn package.json module@0.0.1 No README data
8 warn package.json requests@0.0.1 No repository field.
9 warn package.json requests@0.0.1 No README data
10 verbose readDependencies using package.json deps
11 verbose cache add [ 'yourMissingDependency', null ]
12 verbose cache add name=undefined spec="yourMissingDependency" args=["yourMissingDependency",null]
13 verbose parsed url { protocol: null,
13 verbose parsed url   slashes: null,
13 verbose parsed url   auth: null,
13 verbose parsed url   host: null,
13 verbose parsed url   port: null,
13 verbose parsed url   hostname: null,
13 verbose parsed url   hash: null,
13 verbose parsed url   search: null,
13 verbose parsed url   query: null,
13 verbose parsed url   pathname: 'yourMissingDependency',
13 verbose parsed url   path: 'yourMissingDependency',
13 verbose parsed url   href: 'yourMissingDependency' }
14 silly lockFile 3ac30e48-yourMissingDependency yourMissingDependency
15 verbose lock yourMissingDependency /Users/saurabh/.npm/3ac30e48-yourMissingDependency.lock
16 silly lockFile 3ac30e48-yourMissingDependency yourMissingDependency
17 silly lockFile 3ac30e48-yourMissingDependency yourMissingDependency
18 verbose addNamed [ 'yourMissingDependency', '' ]
19 verbose addNamed [ null, '*' ]
20 silly lockFile 2e474c00-yourMissingDependency yourMissingDependency@
21 verbose lock yourMissingDependency@ /Users/saurabh/.npm/2e474c00-yourMissingDependency.lock
22 silly addNameRange { name: 'yourMissingDependency', range: '*', hasData: false }
23 verbose request where is /yourMissingDependency
24 verbose request registry https://registry.npmjs.org/
25 verbose request id 1dc091bb7f11df9c
26 verbose url raw /yourMissingDependency
27 verbose url resolving [ 'https://registry.npmjs.org/', './yourMissingDependency' ]
28 verbose url resolved https://registry.npmjs.org/yourMissingDependency
29 verbose request where is https://registry.npmjs.org/yourMissingDependency
30 info trying registry request attempt 1 at 13:29:01
31 http GET https://registry.npmjs.org/yourMissingDependency
32 http 404 https://registry.npmjs.org/yourMissingDependency
33 verbose headers { date: 'Fri, 26 Dec 2014 18:29:02 GMT',
33 verbose headers   server: 'CouchDB/1.5.0 (Erlang OTP/R14B04)',
33 verbose headers   'content-type': 'application/json',
33 verbose headers   'cache-control': 'max-age=0',
33 verbose headers   'content-length': '52',
33 verbose headers   'accept-ranges': 'bytes',
33 verbose headers   via: '1.1 varnish',
33 verbose headers   age: '0',
33 verbose headers   'x-served-by': 'cache-jfk1032-JFK',
33 verbose headers   'x-cache': 'MISS',
33 verbose headers   'x-cache-hits': '0',
33 verbose headers   'x-timer': 'S1419618542.488836,VS0,VE82',
33 verbose headers   'keep-alive': 'timeout=10, max=50',
33 verbose headers   connection: 'Keep-Alive' }
34 silly registry.get cb [ 404,
34 silly registry.get   { date: 'Fri, 26 Dec 2014 18:29:02 GMT',
34 silly registry.get     server: 'CouchDB/1.5.0 (Erlang OTP/R14B04)',
34 silly registry.get     'content-type': 'application/json',
34 silly registry.get     'cache-control': 'max-age=0',
34 silly registry.get     'content-length': '52',
34 silly registry.get     'accept-ranges': 'bytes',
34 silly registry.get     via: '1.1 varnish',
34 silly registry.get     age: '0',
34 silly registry.get     'x-served-by': 'cache-jfk1032-JFK',
34 silly registry.get     'x-cache': 'MISS',
34 silly registry.get     'x-cache-hits': '0',
34 silly registry.get     'x-timer': 'S1419618542.488836,VS0,VE82',
34 silly registry.get     'keep-alive': 'timeout=10, max=50',
34 silly registry.get     connection: 'Keep-Alive' } ]
35 silly lockFile 2e474c00-yourMissingDependency yourMissingDependency@
36 silly lockFile 2e474c00-yourMissingDependency yourMissingDependency@
37 error 404 404 Not Found: yourMissingDependency
37 error 404
37 error 404 'yourMissingDependency' is not in the npm registry.
37 error 404 You should bug the author to publish it
37 error 404 It was specified as a dependency of 'node-chat'
37 error 404
37 error 404 Note that you can also install from a
37 error 404 tarball, folder, or http url, or git url.
38 error System Darwin 14.1.0
39 error command "node" "/usr/local/bin/npm" "install" "yourMissingDependency"
40 error cwd /Users/saurabh/Documents/ChatApp
41 error node -v v0.10.33
42 error npm -v 1.4.28
43 error code E404
44 verbose exit [ 1, true ]
